2016-08-01 18:09:53 [127.0.0.1][-][-][error][yii\web\HttpException:404] exception 'yii\base\InvalidRouteException' with message 'Unable to resolve the request "site/index".' in E:\gitroot\y-mi\vendor\yiisoft\yii2\base\Module.php:460
Stack trace:
#0 E:\gitroot\y-mi\vendor\yiisoft\yii2\web\Application.php(87): yii\base\Module->runAction('site/index', Array)
#1 E:\gitroot\y-mi\vendor\yiisoft\yii2\base\Application.php(375): yii\web\Application->handleRequest(Object(yii\web\Request))
#2 E:\gitroot\y-mi\public\home\index.php(14): yii\base\Application->run()
#3 {main}

Next exception 'yii\web\NotFoundHttpException' with message 'Page not found.' in E:\gitroot\y-mi\vendor\yiisoft\yii2\web\Application.php:99
Stack trace:
#0 E:\gitroot\y-mi\vendor\yiisoft\yii2\base\Application.php(375): yii\web\Application->handleRequest(Object(yii\web\Request))
#1 E:\gitroot\y-mi\public\home\index.php(14): yii\base\Application->run()
#2 {main}
2016-08-01 18:09:52 [127.0.0.1][-][-][info][application] $_GET = [
    'r' => 'site/index'
]

$_SERVER = [
    'ALLUSERSPROFILE' => 'C:\\ProgramData'
    'APPDATA' => 'C:\\Users\\john\\AppData\\Roaming'
    'asl_log' => 'Destination=file'
    'CLASSPATH' => 'D:\\program files\\Java\\jdk1.8.0_91\\lib'
    'CommonProgramFiles' => 'C:\\Program Files (x86)\\Common Files'
    'CommonProgramFiles(x86)' => 'C:\\Program Files (x86)\\Common Files'
    'CommonProgramW6432' => 'C:\\Program Files\\Common Files'
    'COMPUTERNAME' => 'DESKTOP-DO66OHI'
    'ComSpec' => 'C:\\Windows\\system32\\cmd.exe'
    'HOMEDRIVE' => 'C:'
    'HOMEPATH' => '\\Users\\john'
    'JAVA_HOME' => 'D:\\program files\\Java\\jdk1.8.0_91'
    'LOCALAPPDATA' => 'C:\\Users\\john\\AppData\\Local'
    'LOGONSERVER' => '\\\\DESKTOP-DO66OHI'
    'MOZ_PLUGIN_PATH' => 'D:\\Program Files (x86)\\Foxit Software\\Foxit Reader\\plugins\\'
    'NODE_PATH' => 'd:\\AppCan\\AppCanStudioPersonalV3.2\\HDK\\emulator\\mas\\node_modules\\'
    'NUMBER_OF_PROCESSORS' => '4'
    'OS' => 'Windows_NT'
    'Path' => 'C:\\ProgramData\\Oracle\\Java\\javapath;d:\\AppCan\\AppCanStudioPersonalV3.2\\HDK\\emulator\\mas\\;C:\\Windows\\system32;C:\\Windows;C:\\Windows\\System32\\Wbem;C:\\Windows\\System32\\WindowsPowerShell\\v1.0\\;D:\\Program Files\\TortoiseGit\\bin;C:\\Program Files\\TortoiseSVN\\bin;D:\\npm\\php;C:\\ProgramData\\ComposerSetup\\bin;D:\\program files\\Java\\jdk1.8.0_91\\bin;d:\\Program Files\\Git\\cmd;d:\\Program Files\\Git\\mingw64\\bin;d:\\Program Files\\Git\\usr\\bin;C:\\Users\\john\\AppData\\Roaming\\Composer\\vendor\\bin'
    'PATHEXT' => '.COM;.EXE;.BAT;.CMD;.VBS;.VBE;.JS;.JSE;.WSF;.WSH;.MSC'
    'PROCESSOR_ARCHITECTURE' => 'x86'
    'PROCESSOR_ARCHITEW6432' => 'AMD64'
    'PROCESSOR_IDENTIFIER' => 'Intel64 Family 6 Model 60 Stepping 3, GenuineIntel'
    'PROCESSOR_LEVEL' => '6'
    'PROCESSOR_REVISION' => '3c03'
    'ProgramData' => 'C:\\ProgramData'
    'ProgramFiles' => 'C:\\Program Files (x86)'
    'ProgramFiles(x86)' => 'C:\\Program Files (x86)'
    'ProgramW6432' => 'C:\\Program Files'
    'PROMPT' => '$P$G'
    'PSModulePath' => 'C:\\Program Files\\WindowsPowerShell\\Modules;C:\\Windows\\system32\\WindowsPowerShell\\v1.0\\Modules'
    'PUBLIC' => 'C:\\Users\\Public'
    'SESSIONNAME' => 'Console'
    'SystemDrive' => 'C:'
    'SystemRoot' => 'C:\\Windows'
    'TEMP' => 'C:\\Users\\john\\AppData\\Local\\Temp'
    'TMP' => 'C:\\Users\\john\\AppData\\Local\\Temp'
    'USERDOMAIN' => 'DESKTOP-DO66OHI'
    'USERDOMAIN_ROAMINGPROFILE' => 'DESKTOP-DO66OHI'
    'USERNAME' => 'john'
    'USERPROFILE' => 'C:\\Users\\john'
    'VBOX_MSI_INSTALL_PATH' => 'D:\\Program Files\\Oracle\\VirtualBox\\'
    'windir' => 'C:\\Windows'
    'HTTP_CACHE_CONTROL' => 'max-age=0'
    'HTTP_CONNECTION' => 'keep-alive'
    'HTTP_ACCEPT_ENCODING' => 'gzip, deflate'
    'HTTP_ACCEPT_LANGUAGE' => 'zh-CN,zh;q=0.8,en-US;q=0.5,en;q=0.3'
    'HTTP_ACCEPT' => 'text/html,application/xhtml+xml,application/xml;q=0.9,*/*;q=0.8'
    'HTTP_USER_AGENT' => 'Mozilla/5.0 (Windows NT 10.0; WOW64; rv:47.0) Gecko/20100101 Firefox/47.0'
    'HTTP_HOST' => 'ymi.localhost'
    'REDIRECT_STATUS' => '200'
    'SERVER_NAME' => 'ymi.localhost'
    'SERVER_PORT' => '80'
    'SERVER_ADDR' => '127.0.0.1'
    'REMOTE_PORT' => '65480'
    'REMOTE_ADDR' => '127.0.0.1'
    'SERVER_SOFTWARE' => 'nginx/1.8.1'
    'GATEWAY_INTERFACE' => 'CGI/1.1'
    'SERVER_PROTOCOL' => 'HTTP/1.1'
    'DOCUMENT_ROOT' => 'E:/gitroot/y-mi/public'
    'DOCUMENT_URI' => '/home/index.php'
    'REQUEST_URI' => '/home/index.php?r=site/index'
    'SCRIPT_NAME' => '/home/index.php'
    'CONTENT_LENGTH' => ''
    'CONTENT_TYPE' => ''
    'REQUEST_METHOD' => 'GET'
    'QUERY_STRING' => 'r=site/index'
    'SCRIPT_FILENAME' => 'E:/gitroot/y-mi/public/home/index.php'
    'FCGI_ROLE' => 'RESPONDER'
    'PHP_SELF' => '/home/index.php'
    'REQUEST_TIME_FLOAT' => 1470046192.9752
    'REQUEST_TIME' => 1470046192
]
